#
# There is insufficient memory for the Java Runtime Environment to continue.
# Native memory allocation (malloc) failed to allocate 1048576 bytes for AllocateHeap
# Possible reasons:
#   The system is out of physical RAM or swap space
#   The process is running with CompressedOops enabled, and the Java Heap may be blocking the growth of the native heap
# Possible solutions:
#   Reduce memory load on the system
#   Increase physical memory or swap space
#   Check if swap backing store is full
#   Decrease Java heap size (-Xmx/-Xms)
#   Decrease number of Java threads
#   Decrease Java thread stack sizes (-Xss)
#   Set larger code cache with -XX:ReservedCodeCacheSize=
#   JVM is running with Unscaled Compressed Oops mode in which the Java heap is
#     placed in the first 4GB address space. The Java Heap base address is the
#     maximum limit for the native heap growth. Please use -XX:HeapBaseMinAddress
#     to set the Java Heap base and to place the Java Heap above 4GB virtual address.
# This output file may be truncated or incomplete.
#
#  Out of Memory Error (t:/workspace/open/src/hotspot/share/memory/allocation.cpp:46), pid=15964, tid=23308
#
# JRE version: Java(TM) SE Runtime Environment (11.0.4+10) (build 11.0.4+10-LTS)
# Java VM: Java HotSpot(TM) 64-Bit Server VM (11.0.4+10-LTS, mixed mode, tiered, compressed oops, g1 gc, windows-amd64)
# No core dump will be written. Minidumps are not enabled by default on client versions of Windows
#

---------------  S U M M A R Y ------------

Command Line: -agentlib:jdwp=transport=dt_socket,address=127.0.0.1:56288,suspend=y,server=n -XX:TieredStopAtLevel=1 -Xverify:none -Dspring.output.ansi.enabled=always -Dcom.sun.management.jmxremote -Dspring.jmx.enabled=true -Dspring.liveBeansView.mbeanDomain -Dspring.application.admin.enabled=true -javaagent:C:\Users\mai\.IntelliJIdea2019.2\system\captureAgent\debugger-agent.jar -Dfile.encoding=UTF-8 edu.mum.cs.auctioneer.TheAuctioneerApplication

Host: Intel(R) Core(TM) i7-8550U CPU @ 1.80GHz, 8 cores, 7G,  Windows 10 , 64 bit Build 18362 (10.0.18362.329)
Time: Mon Oct 14 15:02:05 2019 Central Daylight Time elapsed time: 15 seconds (0d 0h 0m 15s)

---------------  T H R E A D  ---------------

Current thread (0x000001557cdf1000):  VMThread "VM Thread" [stack: 0x0000004adbd00000,0x0000004adbe00000] [id=23308]

Stack: [0x0000004adbd00000,0x0000004adbe00000]
[error occurred during error reporting (printing stack bounds), id 0xc0000005, EXCEPTION_ACCESS_VIOLATION (0xc0000005) at pc=0x0000015500000bad]

Native frames: (J=compiled Java code, j=interpreted, Vv=VM code, C=native code)
V  [jvm.dll+0x635bda]
V  [jvm.dll+0x77360f]
V  [jvm.dll+0x774cba]
V  [jvm.dll+0x7752d5]
V  [jvm.dll+0x77528b]
V  [jvm.dll+0x6352e6]
V  [jvm.dll+0x6356a8]
C  [ntdll.dll+0xa11ff]
C  [ntdll.dll+0x6a289]
C  [ntdll.dll+0x9fe6e]
C  0x0000015500000bad

VM_Operation (0x0000004adb7fabe0): CollectForMetadataAllocation, mode: safepoint, requested by thread 0x000001556d1da000


---------------  P R O C E S S  ---------------

Threads class SMR info:
_java_thread_list=0x000001557f34b0f0, length=23, elements={
0x000001556d1da000, 0x000001557ce17000, 0x000001557ce24800, 0x000001557d772800,
0x000001557d773000, 0x000001557d776800, 0x000001557d784000, 0x000001557d8dd000,
0x000001557d922000, 0x000001557d936000, 0x000001557d93a000, 0x000001557d95a800,
0x000001557de9c000, 0x000001557df91000, 0x000001557e10a800, 0x000001557e10b800,
0x000001557f114800, 0x000001557f313000, 0x000001550fca9000, 0x000001550fc8f800,
0x000001557ec3d800, 0x000001557ec3e000, 0x000001557e291800
}

Java Threads: ( => current thread )
  0x000001556d1da000 JavaThread "main" [_thread_blocked, id=22608, stack(0x0000004adb700000,0x0000004adb800000)]
  0x000001557ce17000 JavaThread "Reference Handler" daemon [_thread_blocked, id=21640, stack(0x0000004adbe00000,0x0000004adbf00000)]
  0x000001557ce24800 JavaThread "Finalizer" daemon [_thread_blocked, id=1960, stack(0x0000004adbf00000,0x0000004adc000000)]
  0x000001557d772800 JavaThread "Signal Dispatcher" daemon [_thread_blocked, id=25484, stack(0x0000004adc000000,0x0000004adc100000)]
  0x000001557d773000 JavaThread "Attach Listener" daemon [_thread_blocked, id=24680, stack(0x0000004adc100000,0x0000004adc200000)]
  0x000001557d776800 JavaThread "C1 CompilerThread0" daemon [_thread_blocked, id=24688, stack(0x0000004adc200000,0x0000004adc300000)]
  0x000001557d784000 JavaThread "Sweeper thread" daemon [_thread_blocked, id=19908, stack(0x0000004adc300000,0x0000004adc400000)]
  0x000001557d8dd000 JavaThread "Common-Cleaner" daemon [_thread_blocked, id=15948, stack(0x0000004adc400000,0x0000004adc500000)]
  0x000001557d922000 JavaThread "JDWP Transport Listener: dt_socket" daemon [_thread_blocked, id=19708, stack(0x0000004adc600000,0x0000004adc700000)]
  0x000001557d936000 JavaThread "JDWP Event Helper Thread" daemon [_thread_blocked, id=4328, stack(0x0000004adc700000,0x0000004adc800000)]
  0x000001557d93a000 JavaThread "JDWP Command Reader" daemon [_thread_in_native, id=23600, stack(0x0000004adc800000,0x0000004adc900000)]
  0x000001557d95a800 JavaThread "Service Thread" daemon [_thread_blocked, id=15952, stack(0x0000004adc500000,0x0000004adc600000)]
  0x000001557de9c000 JavaThread "C1 CompilerThread1" daemon [_thread_blocked, id=24784, stack(0x0000004adc900000,0x0000004adca00000)]
  0x000001557df91000 JavaThread "RMI TCP Accept-0" daemon [_thread_in_native, id=15028, stack(0x0000004adca00000,0x0000004adcb00000)]
  0x000001557e10a800 JavaThread "C1 CompilerThread2" daemon [_thread_blocked, id=17028, stack(0x0000004adcc00000,0x0000004adcd00000)]
  0x000001557e10b800 JavaThread "C1 CompilerThread3" daemon [_thread_blocked, id=11196, stack(0x0000004adcd00000,0x0000004adce00000)]
  0x000001557f114800 JavaThread "RMI TCP Connection(1)-10.0.75.1" daemon [_thread_in_native, id=21260, stack(0x0000004add400000,0x0000004add500000)]
  0x000001557f313000 JavaThread "RMI Scheduler(0)" daemon [_thread_blocked, id=23664, stack(0x0000004add500000,0x0000004add600000)]
  0x000001550fca9000 JavaThread "Catalina-utility-1" [_thread_blocked, id=25544, stack(0x0000004add100000,0x0000004add200000)]
  0x000001550fc8f800 JavaThread "Catalina-utility-2" [_thread_blocked, id=20700, stack(0x0000004add600000,0x0000004add700000)]
  0x000001557ec3d800 JavaThread "container-0" [_thread_blocked, id=23452, stack(0x0000004add700000,0x0000004add800000)]
  0x000001557ec3e000 JavaThread "mysql-cj-abandoned-connection-cleanup" daemon [_thread_blocked, id=14708, stack(0x0000004add800000,0x0000004add900000)]
  0x000001557e291800 JavaThread "HikariPool-1 housekeeper" daemon [_thread_blocked, id=17716, stack(0x0000004adde00000,0x0000004addf00000)]

Other Threads:
=>0x000001557cdf1000 VMThread "VM Thread" [stack: 0x0000004adbd00000,0x0000004adbe00000] [id=23308]
  0x000001557dfb4800 WatcherThread [stack: 0x0000004adcb00000,0x0000004adcc00000] [id=22604]
  0x000001556d1f1800 GCTaskThread "GC Thread#0" [stack: 0x0000004adb800000,0x0000004adb900000] [id=24432]
  0x000001557e17d000 GCTaskThread "GC Thread#1" [stack: 0x0000004adce00000,0x0000004adcf00000] [id=24392]
  0x000001557ec6a800 GCTaskThread "GC Thread#2" [stack: 0x0000004adcf00000,0x0000004add000000] [id=25424]
  0x000001557edbe000 GCTaskThread "GC Thread#3" [stack: 0x0000004add200000,0x0000004add300000] [id=20316]
  0x000001557f48a800 GCTaskThread "GC Thread#4" [stack: 0x0000004add900000,0x0000004adda00000] [id=19212]
  0x000001557f48b800 GCTaskThread "GC Thread#5" [stack: 0x0000004adda00000,0x0000004addb00000] [id=25564]
  0x000001557f48c000 GCTaskThread "GC Thread#6" [stack: 0x0000004addb00000,0x0000004addc00000] [id=17620]
  0x000001557e2b6000 GCTaskThread "GC Thread#7" [stack: 0x0000004addc00000,0x0000004addd00000] [id=25080]
  0x000001556d221000 ConcurrentGCThread "G1 Main Marker" [stack: 0x0000004adb900000,0x0000004adba00000] [id=22992]
  0x000001556d223800 ConcurrentGCThread "G1 Conc#0" [stack: 0x0000004adba00000,0x0000004adbb00000] [id=13588]
  0x000001557f075000 ConcurrentGCThread "G1 Conc#1" [stack: 0x0000004add300000,0x0000004add400000] [id=23920]
  0x000001557cc58800 ConcurrentGCThread "G1 Refine#0" [stack: 0x0000004adbb00000,0x0000004adbc00000] [id=22384]
  0x000001557dd10800 ConcurrentGCThread "G1 Refine#1" [stack: 0x0000004add000000,0x0000004add100000] [id=14428]
  0x000001557cc59000 ConcurrentGCThread "G1 Young RemSet Sampling" [stack: 0x0000004adbc00000,0x0000004adbd00000] [id=24556]

Threads with active compile tasks:

VM state:at safepoint (normal execution)

VM Mutex/Monitor currently owned by a thread:  ([mutex/lock_event])
[0x000001556d1d8600] Threads_lock - owner thread: 0x000001557cdf1000
[0x000001556d1d8960] Heap_lock - owner thread: 0x000001556d1da000

OutOfMemory and StackOverflow Exception counts:
StackOverflowErrors=1
LinkageErrors=74

Heap address: 0x0000000081600000, size: 2026 MB, Compressed Oops mode: 32-bit
Narrow klass base: 0x0000000000000000, Narrow klass shift: 3
Compressed class space size: 1073741824 Address: 0x0000000100000000

Heap:
 garbage-first heap   total 157696K, used 33808K [0x0000000081600000, 0x0000000100000000)
  region size 1024K, 6 young (6144K), 6 survivors (6144K)
 Metaspace       used 64965K, capacity 66583K, committed 66716K, reserved 1116160K
  class space    used 8480K, capacity 9126K, committed 9196K, reserved 1048576K
Heap Regions: E=young(eden), S=young(survivor), O=old, HS=humongous(starts), HC=humongous(continues), CS=collection set, F=free, A=archive, TAMS=top-at-mark-start (previous, next)
|   0|0x0000000081600000, 0x0000000081700000, 0x0000000081700000|100%|HS|  |TAMS 0x0000000081700000, 0x0000000081700000| Complete 
|   1|0x0000000081700000, 0x0000000081800000, 0x0000000081800000|100%| O|  |TAMS 0x0000000081800000, 0x0000000081800000| Untracked 
|   2|0x0000000081800000, 0x0000000081900000, 0x0000000081900000|100%| O|  |TAMS 0x0000000081900000, 0x0000000081900000| Untracked 
|   3|0x0000000081900000, 0x0000000081a00000, 0x0000000081a00000|100%| O|  |TAMS 0x0000000081a00000, 0x0000000081a00000| Untracked 
|   4|0x0000000081a00000, 0x0000000081b00000, 0x0000000081b00000|100%| O|  |TAMS 0x0000000081b00000, 0x0000000081b00000| Untracked 
|   5|0x0000000081b00000, 0x0000000081c00000, 0x0000000081c00000|100%| O|  |TAMS 0x0000000081c00000, 0x0000000081c00000| Untracked 
|   6|0x0000000081c00000, 0x0000000081d00000, 0x0000000081d00000|100%| O|  |TAMS 0x0000000081d00000, 0x0000000081d00000| Untracked 
|   7|0x0000000081d00000, 0x0000000081e00000, 0x0000000081e00000|100%| O|  |TAMS 0x0000000081e00000, 0x0000000081e00000| Untracked 
|   8|0x0000000081e00000, 0x0000000081f00000, 0x0000000081f00000|100%| O|  |TAMS 0x0000000081f00000, 0x0000000081f00000| Untracked 
|   9|0x0000000081f00000, 0x0000000082000000, 0x0000000082000000|100%| O|  |TAMS 0x0000000082000000, 0x0000000082000000| Untracked 
|  10|0x0000000082000000, 0x0000000082100000, 0x0000000082100000|100%| O|  |TAMS 0x0000000082100000, 0x0000000082100000| Untracked 
|  11|0x0000000082100000, 0x0000000082200000, 0x0000000082200000|100%| O|  |TAMS 0x0000000082200000, 0x0000000082200000| Untracked 
|  12|0x0000000082200000, 0x0000000082300000, 0x0000000082300000|100%| O|  |TAMS 0x0000000082300000, 0x0000000082300000| Untracked 
|  13|0x0000000082300000, 0x0000000082400000, 0x0000000082400000|100%| O|  |TAMS 0x0000000082400000, 0x0000000082400000| Untracked 
|  14|0x0000000082400000, 0x0000000082500000, 0x0000000082500000|100%| O|  |TAMS 0x0000000082500000, 0x0000000082500000| Untracked 
|  15|0x0000000082500000, 0x0000000082600000, 0x0000000082600000|100%| O|  |TAMS 0x0000000082600000, 0x0000000082600000| Untracked 
|  16|0x0000000082600000, 0x0000000082700000, 0x0000000082700000|100%| O|  |TAMS 0x0000000082700000, 0x0000000082700000| Untracked 
|  17|0x0000000082700000, 0x0000000082800000, 0x0000000082800000|100%| O|  |TAMS 0x0000000082800000, 0x0000000082800000| Untracked 
|  18|0x0000000082800000, 0x0000000082900000, 0x0000000082900000|100%| O|  |TAMS 0x0000000082900000, 0x0000000082900000| Untracked 
|  19|0x0000000082900000, 0x0000000082a00000, 0x0000000082a00000|100%| O|  |TAMS 0x000000008295ae00, 0x0000000082a00000| Untracked 
|  20|0x0000000082a00000, 0x0000000082b00000, 0x0000000082b00000|100%| O|  |TAMS 0x0000000082a00000, 0x0000000082b00000| Untracked 
|  21|0x0000000082b00000, 0x0000000082c00000, 0x0000000082c00000|100%| O|  |TAMS 0x0000000082b00000, 0x0000000082c00000| Untracked 
|  22|0x0000000082c00000, 0x0000000082d00000, 0x0000000082d00000|100%| O|  |TAMS 0x0000000082c00000, 0x0000000082d00000| Untracked 
|  23|0x0000000082d00000, 0x0000000082e00000, 0x0000000082e00000|100%| O|  |TAMS 0x0000000082d00000, 0x0000000082e00000| Untracked 
|  24|0x0000000082e00000, 0x0000000082f00000, 0x0000000082f00000|100%| O|  |TAMS 0x0000000082e00000, 0x0000000082f00000| Untracked 
|  25|0x0000000082f00000, 0x0000000083000000, 0x0000000083000000|100%| O|  |TAMS 0x0000000082f00000, 0x0000000083000000| Untracked 
|  26|0x0000000083000000, 0x0000000083100000, 0x0000000083100000|100%| O|  |TAMS 0x0000000083000000, 0x0000000083100000| Untracked 
|  27|0x0000000083100000, 0x0000000083118200, 0x0000000083200000|  9%| O|  |TAMS 0x0000000083100000, 0x0000000083118200| Untracked 
|  28|0x0000000083200000, 0x0000000083200000, 0x0000000083300000|  0%| F|  |TAMS 0x0000000083200000, 0x0000000083200000| Untracked 
|  29|0x0000000083300000, 0x0000000083300000, 0x0000000083400000|  0%| F|  |TAMS 0x0000000083300000, 0x0000000083300000| Untracked 
|  30|0x0000000083400000, 0x0000000083400000, 0x0000000083500000|  0%| F|  |TAMS 0x0000000083400000, 0x0000000083400000| Untracked 
|  31|0x0000000083500000, 0x0000000083500000, 0x0000000083600000|  0%| F|  |TAMS 0x0000000083500000, 0x0000000083500000| Untracked 
|  32|0x0000000083600000, 0x0000000083600000, 0x0000000083700000|  0%| F|  |TAMS 0x0000000083600000, 0x0000000083600000| Untracked 
|  33|0x0000000083700000, 0x0000000083700000, 0x0000000083800000|  0%| F|  |TAMS 0x0000000083700000, 0x0000000083700000| Untracked 
|  34|0x0000000083800000, 0x0000000083800000, 0x0000000083900000|  0%| F|  |TAMS 0x0000000083800000, 0x0000000083800000| Untracked 
|  35|0x0000000083900000, 0x0000000083900000, 0x0000000083a00000|  0%| F|  |TAMS 0x0000000083900000, 0x0000000083900000| Untracked 
|  36|0x0000000083a00000, 0x0000000083a00000, 0x0000000083b00000|  0%| F|  |TAMS 0x0000000083a00000, 0x0000000083a00000| Untracked 
|  37|0x0000000083b00000, 0x0000000083b00000, 0x0000000083c00000|  0%| F|  |TAMS 0x0000000083b00000, 0x0000000083b00000| Untracked 
|  38|0x0000000083c00000, 0x0000000083c00000, 0x0000000083d00000|  0%| F|  |TAMS 0x0000000083c00000, 0x0000000083c00000| Untracked 
|  39|0x0000000083d00000, 0x0000000083d00000, 0x0000000083e00000|  0%| F|  |TAMS 0x0000000083d00000, 0x0000000083d00000| Untracked 
|  40|0x0000000083e00000, 0x0000000083e00000, 0x0000000083f00000|  0%| F|  |TAMS 0x0000000083e00000, 0x0000000083e00000| Untracked 
|  41|0x0000000083f00000, 0x0000000083f00000, 0x0000000084000000|  0%| F|  |TAMS 0x0000000083f00000, 0x0000000083f00000| Untracked 
|  42|0x0000000084000000, 0x0000000084000000, 0x0000000084100000|  0%| F|  |TAMS 0x0000000084000000, 0x0000000084000000| Untracked 
|  43|0x0000000084100000, 0x0000000084100000, 0x0000000084200000|  0%| F|  |TAMS 0x0000000084100000, 0x0000000084100000| Untracked 
|  44|0x0000000084200000, 0x0000000084200000, 0x0000000084300000|  0%| F|  |TAMS 0x0000000084200000, 0x0000000084200000| Untracked 
|  45|0x0000000084300000, 0x0000000084300000, 0x0000000084400000|  0%| F|  |TAMS 0x0000000084300000, 0x0000000084300000| Untracked 
|  46|0x0000000084400000, 0x0000000084400000, 0x0000000084500000|  0%| F|  |TAMS 0x0000000084400000, 0x0000000084400000| Untracked 
|  47|0x0000000084500000, 0x0000000084500000, 0x0000000084600000|  0%| F|  |TAMS 0x0000000084500000, 0x0000000084500000| Untracked 
|  48|0x0000000084600000, 0x0000000084600000, 0x0000000084700000|  0%| F|  |TAMS 0x0000000084600000, 0x0000000084600000| Untracked 
|  49|0x0000000084700000, 0x0000000084700000, 0x0000000084800000|  0%| F|  |TAMS 0x0000000084700000, 0x0000000084700000| Untracked 
|  50|0x0000000084800000, 0x0000000084800000, 0x0000000084900000|  0%| F|  |TAMS 0x0000000084800000, 0x0000000084800000| Untracked 
|  51|0x0000000084900000, 0x0000000084900000, 0x0000000084a00000|  0%| F|  |TAMS 0x0000000084900000, 0x0000000084900000| Untracked 
|  52|0x0000000084a00000, 0x0000000084a00000, 0x0000000084b00000|  0%| F|  |TAMS 0x0000000084a00000, 0x0000000084a00000| Untracked 
|  53|0x0000000084b00000, 0x0000000084b00000, 0x0000000084c00000|  0%| F|  |TAMS 0x0000000084b00000, 0x0000000084b00000| Untracked 
|  54|0x0000000084c00000, 0x0000000084c00000, 0x0000000084d00000|  0%| F|  |TAMS 0x0000000084c00000, 0x0000000084c00000| Untracked 
|  55|0x0000000084d00000, 0x0000000084d00000, 0x0000000084e00000|  0%| F|  |TAMS 0x0000000084d00000, 0x0000000084d00000| Untracked 
|  56|0x0000000084e00000, 0x0000000084e00000, 0x0000000084f00000|  0%| F|  |TAMS 0x0000000084e00000, 0x0000000084e00000| Untracked 
|  57|0x0000000084f00000, 0x0000000084f00000, 0x0000000085000000|  0%| F|  |TAMS 0x0000000084f00000, 0x0000000084f00000| Untracked 
|  58|0x0000000085000000, 0x0000000085000000, 0x0000000085100000|  0%| F|  |TAMS 0x0000000085000000, 0x0000000085000000| Untracked 
|  59|0x0000000085100000, 0x0000000085100000, 0x0000000085200000|  0%| F|  |TAMS 0x0000000085100000, 0x0000000085100000| Untracked 
|  60|0x0000000085200000, 0x0000000085200000, 0x0000000085300000|  0%| F|  |TAMS 0x0000000085200000, 0x0000000085200000| Untracked 
|  61|0x0000000085300000, 0x0000000085300000, 0x0000000085400000|  0%| F|  |TAMS 0x0000000085300000, 0x0000000085300000| Untracked 
|  62|0x0000000085400000, 0x0000000085400000, 0x0000000085500000|  0%| F|  |TAMS 0x0000000085400000, 0x0000000085400000| Untracked 
|  63|0x0000000085500000, 0x0000000085500000, 0x0000000085600000|  0%| F|  |TAMS 0x0000000085500000, 0x0000000085500000| Untracked 
|  64|0x0000000085600000, 0x0000000085600000, 0x0000000085700000|  0%| F|  |TAMS 0x0000000085600000, 0x0000000085600000| Untracked 
|  65|0x0000000085700000, 0x0000000085700000, 0x0000000085800000|  0%| F|  |TAMS 0x0000000085700000, 0x0000000085700000| Untracked 
|  66|0x0000000085800000, 0x0000000085800000, 0x0000000085900000|  0%| F|  |TAMS 0x0000000085800000, 0x0000000085800000| Untracked 
|  67|0x0000000085900000, 0x0000000085900000, 0x0000000085a00000|  0%| F|  |TAMS 0x0000000085900000, 0x0000000085900000| Untracked 
|  68|0x0000000085a00000, 0x0000000085a00000, 0x0000000085b00000|  0%| F|  |TAMS 0x0000000085a00000, 0x0000000085a00000| Untracked 
|  69|0x0000000085b00000, 0x0000000085b00000, 0x0000000085c00000|  0%| F|  |TAMS 0x0000000085b00000, 0x0000000085b00000| Untracked 
|  70|0x0000000085c00000, 0x0000000085c00000, 0x0000000085d00000|  0%| F|  |TAMS 0x0000000085c00000, 0x0000000085c00000| Untracked 
|  71|0x0000000085d00000, 0x0000000085d00000, 0x0000000085e00000|  0%| F|  |TAMS 0x0000000085d00000, 0x0000000085d00000| Untracked 
|  72|0x0000000085e00000, 0x0000000085e00000, 0x0000000085f00000|  0%| F|  |TAMS 0x0000000085e00000, 0x0000000085e00000| Untracked 
|  73|0x0000000085f00000, 0x0000000085f00000, 0x0000000086000000|  0%| F|  |TAMS 0x0000000085f00000, 0x0000000085f00000| Untracked 
|  74|0x0000000086000000, 0x0000000086000000, 0x0000000086100000|  0%| F|  |TAMS 0x0000000086000000, 0x0000000086000000| Untracked 
|  75|0x0000000086100000, 0x0000000086100000, 0x0000000086200000|  0%| F|  |TAMS 0x0000000086100000, 0x0000000086100000| Untracked 
|  76|0x0000000086200000, 0x0000000086200000, 0x0000000086300000|  0%| F|  |TAMS 0x0000000086200000, 0x0000000086200000| Untracked 
|  77|0x0000000086300000, 0x0000000086300000, 0x0000000086400000|  0%| F|  |TAMS 0x0000000086300000, 0x0000000086300000| Untracked 
|  78|0x0000000086400000, 0x0000000086400000, 0x0000000086500000|  0%| F|  |TAMS 0x0000000086400000, 0x0000000086400000| Untracked 
|  79|0x0000000086500000, 0x0000000086500000, 0x0000000086600000|  0%| F|  |TAMS 0x0000000086500000, 0x0000000086500000| Untracked 
|  80|0x0000000086600000, 0x0000000086600000, 0x0000000086700000|  0%| F|  |TAMS 0x0000000086600000, 0x0000000086600000| Untracked 
|  81|0x0000000086700000, 0x0000000086700000, 0x0000000086800000|  0%| F|  |TAMS 0x0000000086700000, 0x0000000086700000| Untracked 
|  82|0x0000000086800000, 0x0000000086800000, 0x0000000086900000|  0%| F|  |TAMS 0x0000000086800000, 0x0000000086800000| Untracked 
|  83|0x0000000086900000, 0x0000000086900000, 0x0000000086a00000|  0%| F|  |TAMS 0x0000000086900000, 0x0000000086900000| Untracked 
|  84|0x0000000086a00000, 0x0000000086a00000, 0x0000000086b00000|  0%| F|  |TAMS 0x0000000086a00000, 0x0000000086a00000| Untracked 
|  85|0x0000000086b00000, 0x0000000086b00000, 0x0000000086c00000|  0%| F|  |TAMS 0x0000000086b00000, 0x0000000086b00000| Untracked 
|  86|0x0000000086c00000, 0x0000000086c00000, 0x0000000086d00000|  0%| F|  |TAMS 0x0000000086c00000, 0x0000000086c00000| Untracked 
|  87|0x0000000086d00000, 0x0000000086d00000, 0x0000000086e00000|  0%| F|  |TAMS 0x0000000086d00000, 0x0000000086d00000| Untracked 
|  88|0x0000000086e00000, 0x0000000086e00000, 0x0000000086f00000|  0%| F|  |TAMS 0x0000000086e00000, 0x0000000086e00000| Untracked 
|  89|0x0000000086f00000, 0x0000000086f00000, 0x0000000087000000|  0%| F|  |TAMS 0x0000000086f00000, 0x0000000086f00000| Untracked 
|  90|0x0000000087000000, 0x0000000087000000, 0x0000000087100000|  0%| F|  |TAMS 0x0000000087000000, 0x0000000087000000| Untracked 
|  91|0x0000000087100000, 0x0000000087100000, 0x0000000087200000|  0%| F|  |TAMS 0x0000000087100000, 0x0000000087100000| Untracked 
|  92|0x0000000087200000, 0x0000000087200000, 0x0000000087300000|  0%| F|  |TAMS 0x0000000087200000, 0x0000000087200000| Untracked 
|  93|0x0000000087300000, 0x0000000087300000, 0x0000000087400000|  0%| F|  |TAMS 0x0000000087300000, 0x0000000087300000| Untracked 
|  94|0x0000000087400000, 0x0000000087400000, 0x0000000087500000|  0%| F|  |TAMS 0x0000000087400000, 0x0000000087400000| Untracked 
|  95|0x0000000087500000, 0x0000000087500000, 0x0000000087600000|  0%| F|  |TAMS 0x0000000087500000, 0x0000000087500000| Untracked 
|  96|0x0000000087600000, 0x0000000087600000, 0x0000000087700000|  0%| F|  |TAMS 0x0000000087600000, 0x0000000087600000| Untracked 
|  97|0x0000000087700000, 0x0000000087700000, 0x0000000087800000|  0%| F|  |TAMS 0x0000000087700000, 0x0000000087700000| Untracked 
|  98|0x0000000087800000, 0x0000000087800000, 0x0000000087900000|  0%| F|  |TAMS 0x0000000087800000, 0x0000000087800000| Untracked 
|  99|0x0000000087900000, 0x0000000087900000, 0x0000000087a00000|  0%| F|  |TAMS 0x0000000087900000, 0x0000000087900000| Untracked 
| 100|0x0000000087a00000, 0x0000000087a00000, 0x0000000087b00000|  0%| F|  |TAMS 0x0000000087a00000, 0x0000000087a00000| Untracked 
| 101|0x0000000087b00000, 0x0000000087b00000, 0x0000000087c00000|  0%| F|  |TAMS 0x0000000087b00000, 0x0000000087b00000| Untracked 
| 102|0x0000000087c00000, 0x0000000087c00000, 0x0000000087d00000|  0%| F|  |TAMS 0x0000000087c00000, 0x0000000087c00000| Untracked 
| 103|0x0000000087d00000, 0x0000000087d00000, 0x0000000087e00000|  0%| F|  |TAMS 0x0000000087d00000, 0x0000000087d00000| Untracked 
| 104|0x0000000087e00000, 0x0000000087e00000, 0x0000000087f00000|  0%| F|  |TAMS 0x0000000087e00000, 0x0000000087e00000| Untracked 
| 105|0x0000000087f00000, 0x0000000087f00000, 0x0000000088000000|  0%| F|  |TAMS 0x0000000087f00000, 0x0000000087f00000| Untracked 
| 106|0x0000000088000000, 0x0000000088000000, 0x0000000088100000|  0%| F|  |TAMS 0x0000000088000000, 0x0000000088000000| Untracked 
| 107|0x0000000088100000, 0x0000000088100000, 0x0000000088200000|  0%| F|  |TAMS 0x0000000088100000, 0x0000000088100000| Untracked 
| 108|0x0000000088200000, 0x0000000088200000, 0x0000000088300000|  0%| F|  |TAMS 0x0000000088200000, 0x0000000088200000| Untracked 
| 109|0x0000000088300000, 0x0000000088300000, 0x0000000088400000|  0%| F|  |TAMS 0x0000000088300000, 0x0000000088300000| Untracked 
| 110|0x0000000088400000, 0x0000000088400000, 0x0000000088500000|  0%| F|  |TAMS 0x0000000088400000, 0x0000000088400000| Untracked 
| 111|0x0000000088500000, 0x0000000088500000, 0x0000000088600000|  0%| F|  |TAMS 0x0000000088500000, 0x0000000088500000| Untracked 
| 112|0x0000000088600000, 0x0000000088600000, 0x0000000088700000|  0%| F|  |TAMS 0x0000000088600000, 0x0000000088600000| Untracked 
| 113|0x0000000088700000, 0x0000000088700000, 0x0000000088800000|  0%| F|  |TAMS 0x0000000088700000, 0x0000000088700000| Untracked 
| 114|0x0000000088800000, 0x0000000088800000, 0x0000000088900000|  0%| F|  |TAMS 0x0000000088800000, 0x0000000088800000| Untracked 
| 115|0x0000000088900000, 0x0000000088900000, 0x0000000088a00000|  0%| F|  |TAMS 0x0000000088900000, 0x0000000088900000| Untracked 
| 116|0x0000000088a00000, 0x0000000088a00000, 0x0000000088b00000|  0%| F|  |TAMS 0x0000000088a00000, 0x0000000088a00000| Untracked 
| 117|0x0000000088b00000, 0x0000000088b00000, 0x0000000088c00000|  0%| F|  |TAMS 0x0000000088b00000, 0x0000000088b00000| Untracked 
| 118|0x0000000088c00000, 0x0000000088c00000, 0x0000000088d00000|  0%| F|  |TAMS 0x0000000088c00000, 0x0000000088c00000| Untracked 
| 119|0x0000000088d00000, 0x0000000088d00000, 0x0000000088e00000|  0%| F|  |TAMS 0x0000000088d00000, 0x0000000088d00000| Untracked 
| 120|0x0000000088e00000, 0x0000000088e00000, 0x0000000088f00000|  0%| F|  |TAMS 0x0000000088e00000, 0x0000000088e00000| Untracked 
| 121|0x0000000088f00000, 0x0000000088f00000, 0x0000000089000000|  0%| F|  |TAMS 0x0000000088f00000, 0x0000000088f00000| Untracked 
| 122|0x0000000089000000, 0x0000000089000000, 0x0000000089100000|  0%| F|  |TAMS 0x0000000089000000, 0x0000000089000000| Untracked 
| 123|0x0000000089100000, 0x0000000089100000, 0x0000000089200000|  0%| F|  |TAMS 0x0000000089100000, 0x0000000089100000| Untracked 
| 124|0x0000000089200000, 0x0000000089200000, 0x0000000089300000|  0%| F|  |TAMS 0x0000000089200000, 0x0000000089200000| Untracked 
| 125|0x0000000089300000, 0x0000000089300000, 0x0000000089400000|  0%| F|  |TAMS 0x0000000089300000, 0x0000000089300000| Untracked 
| 126|0x0000000089400000, 0x0000000089400000, 0x0000000089500000|  0%| F|  |TAMS 0x0000000089400000, 0x0000000089400000| Untracked 
| 127|0x0000000089500000, 0x0000000089500000, 0x0000000089600000|  0%| F|  |TAMS 0x0000000089500000, 0x0000000089500000| Untracked 
| 128|0x0000000089600000, 0x0000000089600000, 0x0000000089700000|  0%| F|  |TAMS 0x0000000089600000, 0x0000000089600000| Untracked 
| 129|0x0000000089700000, 0x0000000089700000, 0x0000000089800000|  0%| F|  |TAMS 0x0000000089700000, 0x0000000089700000| Untracked 
| 130|0x0000000089800000, 0x0000000089800000, 0x0000000089900000|  0%| F|  |TAMS 0x0000000089800000, 0x0000000089800000| Untracked 
| 131|0x0000000089900000, 0x0000000089900000, 0x0000000089a00000|  0%| F|  |TAMS 0x0000000089900000, 0x0000000089900000| Untracked 
| 132|0x0000000089a00000, 0x0000000089a00000, 0x0000000089b00000|  0%| F|  |TAMS 0x0000000089a00000, 0x0000000089a00000| Untracked 
| 133|0x0000000089b00000, 0x0000000089b00000, 0x0000000089c00000|  0%| F|  |TAMS 0x0000000089b00000, 0x0000000089b00000| Untracked 
| 134|0x0000000089c00000, 0x0000000089c00000, 0x0000000089d00000|  0%| F|  |TAMS 0x0000000089c00000, 0x0000000089c00000| Untracked 
| 135|0x0000000089d00000, 0x0000000089d00000, 0x0000000089e00000|  0%| F|  |TAMS 0x0000000089d00000, 0x0000000089d00000| Untracked 
| 136|0x0000000089e00000, 0x0000000089e00000, 0x0000000089f00000|  0%| F|  |TAMS 0x0000000089e00000, 0x0000000089e00000| Untracked 
| 137|0x0000000089f00000, 0x0000000089f00000, 0x000000008a000000|  0%| F|  |TAMS 0x0000000089f00000, 0x0000000089f00000| Untracked 
| 138|0x000000008a000000, 0x000000008a000000, 0x000000008a100000|  0%| F|  |TAMS 0x000000008a000000, 0x000000008a000000| Untracked 
| 139|0x000000008a100000, 0x000000008a100000, 0x000000008a200000|  0%| F|  |TAMS 0x000000008a100000, 0x000000008a100000| Untracked 
| 140|0x000000008a200000, 0x000000008a200000, 0x000000008a300000|  0%| F|  |TAMS 0x000000008a200000, 0x000000008a200000| Untracked 
| 141|0x000000008a300000, 0x000000008a300000, 0x000000008a400000|  0%| F|  |TAMS 0x000000008a300000, 0x000000008a300000| Untracked 
| 142|0x000000008a400000, 0x000000008a400000, 0x000000008a500000|  0%| F|  |TAMS 0x000000008a400000, 0x000000008a400000| Untracked 
| 143|0x000000008a500000, 0x000000008a500000, 0x000000008a600000|  0%| F|  |TAMS 0x000000008a500000, 0x000000008a500000| Untracked 
| 144|0x000000008a600000, 0x000000008a600000, 0x000000008a700000|  0%| F|  |TAMS 0x000000008a600000, 0x000000008a600000| Untracked 
| 145|0x000000008a700000, 0x000000008a700000, 0x000000008a800000|  0%| F|  |TAMS 0x000000008a700000, 0x000000008a700000| Untracked 
| 146|0x000000008a800000, 0x000000008a8ebed8, 0x000000008a900000| 92%| S|CS|TAMS 0x000000008a800000, 0x000000008a800000| Complete 
| 147|0x000000008a900000, 0x000000008aa00000, 0x000000008aa00000|100%| S|CS|TAMS 0x000000008a900000, 0x000000008a900000| Complete 
| 148|0x000000008aa00000, 0x000000008ab00000, 0x000000008ab00000|100%| S|CS|TAMS 0x000000008aa00000, 0x000000008aa00000| Complete 
| 149|0x000000008ab00000, 0x000000008ac00000, 0x000000008ac00000|100%| S|CS|TAMS 0x000000008ab00000, 0x000000008ab00000| Complete 
| 150|0x000000008ac00000, 0x000000008ad00000, 0x000000008ad00000|100%| S|CS|TAMS 0x000000008ac00000, 0x000000008ac00000| Complete 
| 151|0x000000008ad00000, 0x000000008ae00000, 0x000000008ae00000|100%| S|CS|TAMS 0x000000008ad00000, 0x000000008ad00000| Complete 
| 152|0x000000008ae00000, 0x000000008ae00000, 0x000000008af00000|  0%| F|  |TAMS 0x000000008ae00000, 0x000000008ae00000| Untracked 
| 153|0x000000008af00000, 0x000000008af00000, 0x000000008b000000|  0%| F|  |TAMS 0x000000008af00000, 0x000000008af00000| Untracked 

Card table byte_map: [0x0000015575c40000,0x0000015576040000] _byte_map_base: 0x0000015575835000

Marking Bits (Prev, Next): (CMBitMap*) 0x000001556d218350, (CMBitMap*) 0x000001556d218318
 Prev Bits: [0x00000155783f0000, 0x000001557a398000)
 Next Bits: [0x0000015576440000, 0x00000155783e8000)

Polling page: 0x000001556b090000

Metaspace:

Usage:
  Non-class:     56.11 MB capacity,    55.16 MB ( 98%) used,   769.83 KB (  1%) free+waste,   202.19 KB ( <1%) overhead. 
      Class:      8.91 MB capacity,     8.28 MB ( 93%) used,   549.78 KB (  6%) free+waste,    96.13 KB (  1%) overhead. 
       Both:     65.02 MB capacity,    63.44 MB ( 98%) used,     1.29 MB (  2%) free+waste,   298.31 KB ( <1%) overhead. 

Virtual space:
  Non-class space:       66.00 MB reserved,      56.17 MB ( 85%) committed 
      Class space:        1.00 GB reserved,       8.98 MB ( <1%) committed 
             Both:        1.06 GB reserved,      65.15 MB (  6%) committed 

Chunk freelists:
   Non-Class:  7.88 KB
       Class:  0 bytes
        Both:  7.88 KB

CodeHeap 'non-profiled nmethods': size=238336Kb used=11903Kb max_used=11903Kb free=226432Kb
 bounds [0x0000015500740000, 0x00000155012e0000, 0x000001550f000000]
CodeHeap 'non-nmethods': size=7424Kb used=3024Kb max_used=3024Kb free=4399Kb
 bounds [0x0000015500000000, 0x0000015500350000, 0x0000015500740000]
 total_blobs=7295 nmethods=6623 adapters=567
 compilation: enabled
              stopped_count=0, restarted_count=0
 full_count=0

Compilation events (10 events):
Event: 15.740 Thread 0x000001557d776800 nmethod 6634 0x00000155012db390 code [0x00000155012db580, 0x00000155012db830]
Event: 15.740 Thread 0x000001557e10b800 nmethod 6636 0x00000155012dba10 code [0x00000155012dbbe0, 0x00000155012dbe50]
Event: 15.740 Thread 0x000001557de9c000 nmethod 6633 0x00000155012dc010 code [0x00000155012dc200, 0x00000155012dc510]
Event: 15.740 Thread 0x000001557e10b800 6638       1       org.springframework.jmx.export.annotation.AnnotationJmxAttributeSource::getManagedResource (114 bytes)
Event: 15.741 Thread 0x000001557e10a800 nmethod 6637 0x00000155012dc710 code [0x00000155012dc8e0, 0x00000155012dcb30]
Event: 15.742 Thread 0x000001557e10b800 nmethod 6638 0x00000155012dcc90 code [0x00000155012dcfc0, 0x00000155012dda70]
Event: 15.744 Thread 0x000001557d776800 6639       1       com.sun.jmx.mbeanserver.MXBeanSupport::transitiveInterfaces (64 bytes)
Event: 15.744 Thread 0x000001557de9c000 6640       1       javax.management.ImmutableDescriptor::makeMap (125 bytes)
Event: 15.744 Thread 0x000001557d776800 nmethod 6639 0x00000155012de290 code [0x00000155012de480, 0x00000155012de6e0]
Event: 15.744 Thread 0x000001557de9c000 nmethod 6640 0x00000155012de890 code [0x00000155012deae0, 0x00000155012df130]

GC Heap History (10 events):
Event: 9.120 GC heap before
{Heap before GC invocations=9 (full 0):
 garbage-first heap   total 131072K, used 87829K [0x0000000081600000, 0x0000000100000000)
  region size 1024K, 76 young (77824K), 7 survivors (7168K)
 Metaspace       used 37962K, capacity 39159K, committed 39196K, reserved 1083392K
  class space    used 4738K, capacity 5219K, committed 5228K, reserved 1048576K
}
Event: 9.132 GC heap after
{Heap after GC invocations=10 (full 0):
 garbage-first heap   total 131072K, used 19971K [0x0000000081600000, 0x0000000100000000)
  region size 1024K, 7 young (7168K), 7 survivors (7168K)
 Metaspace       used 37962K, capacity 39159K, committed 39196K, reserved 1083392K
  class space    used 4738K, capacity 5219K, committed 5228K, reserved 1048576K
}
Event: 11.325 GC heap before
{Heap before GC invocations=10 (full 0):
 garbage-first heap   total 131072K, used 89603K [0x0000000081600000, 0x0000000100000000)
  region size 1024K, 76 young (77824K), 7 survivors (7168K)
 Metaspace       used 50826K, capacity 52054K, committed 52252K, reserved 1095680K
  class space    used 6447K, capacity 6947K, committed 7020K, reserved 1048576K
}
Event: 11.337 GC heap after
{Heap after GC invocations=11 (full 0):
 garbage-first heap   total 157696K, used 24729K [0x0000000081600000, 0x0000000100000000)
  region size 1024K, 8 young (8192K), 8 survivors (8192K)
 Metaspace       used 50826K, capacity 52054K, committed 52252K, reserved 1095680K
  class space    used 6447K, capacity 6947K, committed 7020K, reserved 1048576K
}
Event: 14.063 GC heap before
{Heap before GC invocations=11 (full 0):
 garbage-first heap   total 157696K, used 91289K [0x0000000081600000, 0x0000000100000000)
  region size 1024K, 74 young (75776K), 8 survivors (8192K)
 Metaspace       used 58869K, capacity 60225K, committed 60316K, reserved 1101824K
  class space    used 7617K, capacity 8140K, committed 8172K, reserved 1048576K
}
Event: 14.076 GC heap after
{Heap after GC invocations=12 (full 0):
 garbage-first heap   total 157696K, used 28189K [0x0000000081600000, 0x0000000100000000)
  region size 1024K, 9 young (9216K), 9 survivors (9216K)
 Metaspace       used 58869K, capacity 60225K, committed 60316K, reserved 1101824K
  class space    used 7617K, capacity 8140K, committed 8172K, reserved 1048576K
}
Event: 15.696 GC heap before
{Heap before GC invocations=13 (full 0):
 garbage-first heap   total 157696K, used 112157K [0x0000000081600000, 0x0000000100000000)
  region size 1024K, 91 young (93184K), 9 survivors (9216K)
 Metaspace       used 64868K, capacity 66505K, committed 66716K, reserved 1107968K
  class space    used 8470K, capacity 9121K, committed 9196K, reserved 1048576K
}
Event: 15.710 GC heap after
{Heap after GC invocations=14 (full 0):
 garbage-first heap   total 157696K, used 32950K [0x0000000081600000, 0x0000000100000000)
  region size 1024K, 8 young (8192K), 8 survivors (8192K)
 Metaspace       used 64868K, capacity 66505K, committed 66716K, reserved 1107968K
  class space    used 8470K, capacity 9121K, committed 9196K, reserved 1048576K
}
Event: 15.767 GC heap before
{Heap before GC invocations=14 (full 0):
 garbage-first heap   total 157696K, used 33974K [0x0000000081600000, 0x0000000100000000)
  region size 1024K, 10 young (10240K), 8 survivors (8192K)
 Metaspace       used 64965K, capacity 66583K, committed 66716K, reserved 1114112K
  class space    used 8480K, capacity 9126K, committed 9196K, reserved 1048576K
}
Event: 15.775 GC heap after
{Heap after GC invocations=15 (full 0):
 garbage-first heap   total 157696K, used 33808K [0x0000000081600000, 0x0000000100000000)
  region size 1024K, 6 young (6144K), 6 survivors (6144K)
 Metaspace       used 64965K, capacity 66583K, committed 66716K, reserved 1114112K
  class space    used 8480K, capacity 9126K, committed 9196K, reserved 1048576K
}

Deoptimization events (0 events):
No events

Classes redefined (0 events):
No events

Internal exceptions (10 events):
Event: 14.985 Thread 0x000001556d1da000 Exception <a 'java/lang/ClassNotFoundException'{0x0000000088b645b8}: org/springframework/beans/factory/AwareCustomizer> (0x0000000088b645b8) thrown at [t:/workspace/open/src/hotspot/share/classfile/systemDictionary.cpp, line 231]
Event: 14.986 Thread 0x000001556d1da000 Exception <a 'java/lang/ClassNotFoundException'{0x0000000088b719f8}: org/springframework/context/ResourceLoaderAwareCustomizer> (0x0000000088b719f8) thrown at [t:/workspace/open/src/hotspot/share/classfile/systemDictionary.cpp, line 231]
Event: 14.986 Thread 0x000001556d1da000 Exception <a 'java/lang/ClassNotFoundException'{0x0000000088b7eee0}: org/springframework/beans/factory/AwareCustomizer> (0x0000000088b7eee0) thrown at [t:/workspace/open/src/hotspot/share/classfile/systemDictionary.cpp, line 231]
Event: 14.987 Thread 0x000001556d1da000 Exception <a 'java/lang/ClassNotFoundException'{0x0000000088b8d0d0}: org/springframework/context/ApplicationContextAwareCustomizer> (0x0000000088b8d0d0) thrown at [t:/workspace/open/src/hotspot/share/classfile/systemDictionary.cpp, line 231]
Event: 14.988 Thread 0x000001556d1da000 Exception <a 'java/lang/ClassNotFoundException'{0x0000000088b9ab10}: org/springframework/beans/factory/AwareCustomizer> (0x0000000088b9ab10) thrown at [t:/workspace/open/src/hotspot/share/classfile/systemDictionary.cpp, line 231]
Event: 14.988 Thread 0x000001556d1da000 Exception <a 'java/lang/ClassNotFoundException'{0x0000000088ba8a98}: org/springframework/web/context/ServletContextAwareCustomizer> (0x0000000088ba8a98) thrown at [t:/workspace/open/src/hotspot/share/classfile/systemDictionary.cpp, line 231]
Event: 14.989 Thread 0x000001556d1da000 Exception <a 'java/lang/ClassNotFoundException'{0x0000000088bb63e8}: org/springframework/beans/factory/AwareCustomizer> (0x0000000088bb63e8) thrown at [t:/workspace/open/src/hotspot/share/classfile/systemDictionary.cpp, line 231]
Event: 15.300 Thread 0x000001556d1da000 Exception <a 'java/lang/NoSuchMethodError'{0x0000000087a317c8}: java.lang.invoke.DirectMethodHandle$Holder.invokeInterface(Ljava/lang/Object;Ljava/lang/Object;Ljava/lang/Object;Ljava/lang/Object;)Ljava/lang/Object;> (0x0000000087a317c8) thrown at [t:/work
Event: 15.464 Thread 0x000001550ffaa000 Exception <a 'java/lang/StackOverflowError'{0x0000000086480800}> (0x0000000086480800) thrown at [t:/workspace/open/src/hotspot/share/interpreter/interpreterRuntime.cpp, line 407]
Event: 15.472 Thread 0x000001556d1da000 Exception <a 'java/lang/NoSuchMethodError'{0x00000000864e7418}: java.lang.invoke.DirectMethodHandle$Holder.invokeVirtual(Ljava/lang/Object;Ljava/lang/Object;I)V> (0x00000000864e7418) thrown at [t:/workspace/open/src/hotspot/share/interpreter/linkResolver.

Events (10 events):
Event: 15.763 loading class springfox/documentation/spring/web/plugins/DuplicateGroupsDetector$3 done
Event: 15.763 loading class com/google/common/collect/Multimaps
Event: 15.763 loading class com/google/common/collect/Multimaps done
Event: 15.765 loading class com/google/common/collect/ImmutableListMultimap
Event: 15.765 loading class com/google/common/collect/ImmutableListMultimap done
Event: 15.765 loading class com/google/common/collect/ListMultimap
Event: 15.765 loading class com/google/common/collect/ListMultimap done
Event: 15.766 loading class com/google/common/collect/ImmutableMultimap
Event: 15.766 loading class com/google/common/collect/ImmutableMultimap done
Event: 15.767 Executing VM operation: CollectForMetadataAllocation


Dynamic libraries:
0x00007ff629a00000 - 0x00007ff629a47000 	C:\Program Files\Java\jdk-11.0.4\bin\java.exe
0x00007ff87be20000 - 0x00007ff87c010000 	C:\Windows\SYSTEM32\ntdll.dll
0x00007ff87a120000 - 0x00007ff87a1d2000 	C:\Windows\System32\KERNEL32.DLL
0x00007ff8792a0000 - 0x00007ff879543000 	C:\Windows\System32\KERNELBASE.dll
0x00007ff87a290000 - 0x00007ff87a333000 	C:\Windows\System32\ADVAPI32.dll
0x00007ff87a1e0000 - 0x00007ff87a27e000 	C:\Windows\System32\msvcrt.dll
0x00007ff87b610000 - 0x00007ff87b6a7000 	C:\Windows\System32\sechost.dll
0x00007ff87a000000 - 0x00007ff87a120000 	C:\Windows\System32\RPCRT4.dll
0x00007ff87b330000 - 0x00007ff87b4c4000 	C:\Windows\System32\USER32.dll
0x00007ff879550000 - 0x00007ff879571000 	C:\Windows\System32\win32u.dll
0x00007ff87bdb0000 - 0x00007ff87bdd6000 	C:\Windows\System32\GDI32.dll
0x00007ff878db0000 - 0x00007ff878f44000 	C:\Windows\System32\gdi32full.dll
0x00007ff879580000 - 0x00007ff87961e000 	C:\Windows\System32\msvcp_win.dll
0x00007ff879dd0000 - 0x00007ff879eca000 	C:\Windows\System32\ucrtbase.dll
0x00007ff864f40000 - 0x00007ff8651c5000 	C:\Windows\WinSxS\amd64_microsoft.windows.common-controls_6595b64144ccf1df_6.0.18362.418_none_e6c6b287130d565d\COMCTL32.dll
0x00007ff873ec0000 - 0x00007ff873eca000 	C:\Windows\SYSTEM32\VERSION.dll
0x00007ff87aff0000 - 0x00007ff87b326000 	C:\Windows\System32\combase.dll
0x00007ff878fb0000 - 0x00007ff879030000 	C:\Windows\System32\bcryptPrimitives.dll
0x00007ff87ab40000 - 0x00007ff87ab6e000 	C:\Windows\System32\IMM32.DLL
0x00007ff872800000 - 0x00007ff872816000 	C:\Program Files\Java\jdk-11.0.4\bin\vcruntime140.dll
0x00007ff843dc0000 - 0x00007ff843e6a000 	C:\Program Files\Java\jdk-11.0.4\bin\msvcp140.dll
0x00007ff8192b0000 - 0x00007ff819dd7000 	C:\Program Files\Java\jdk-11.0.4\bin\server\jvm.dll
0x00007ff87bbf0000 - 0x00007ff87bbf8000 	C:\Windows\System32\PSAPI.DLL
0x00007ff873710000 - 0x00007ff873734000 	C:\Windows\SYSTEM32\WINMM.dll
0x00007ff866490000 - 0x00007ff866499000 	C:\Windows\SYSTEM32\WSOCK32.dll
0x00007ff87ab80000 - 0x00007ff87abef000 	C:\Windows\System32\WS2_32.dll
0x00007ff873650000 - 0x00007ff87367d000 	C:\Windows\SYSTEM32\WINMMBASE.dll
0x00007ff879100000 - 0x00007ff87914a000 	C:\Windows\System32\cfgmgr32.dll
0x00007ff878d20000 - 0x00007ff878d31000 	C:\Windows\System32\kernel.appcore.dll
0x00007ff871380000 - 0x00007ff871391000 	C:\Program Files\Java\jdk-11.0.4\bin\verify.dll
0x00007ff8775e0000 - 0x00007ff8777d4000 	C:\Windows\SYSTEM32\DBGHELP.DLL
0x00007ff86ed00000 - 0x00007ff86ed2a000 	C:\Windows\SYSTEM32\dbgcore.DLL
0x00007ff871330000 - 0x00007ff871359000 	C:\Program Files\Java\jdk-11.0.4\bin\java.dll
0x00007ff84faa0000 - 0x00007ff84fad7000 	C:\Program Files\Java\jdk-11.0.4\bin\jdwp.dll
0x00007ff852820000 - 0x00007ff85284f000 	C:\Program Files\Java\jdk-11.0.4\bin\instrument.dll
0x00007ff870fc0000 - 0x00007ff870fd6000 	C:\Program Files\Java\jdk-11.0.4\bin\zip.dll
0x00007ff875180000 - 0x00007ff87518a000 	C:\Program Files\Java\jdk-11.0.4\bin\jimage.dll
0x00007ff87a3f0000 - 0x00007ff87aad5000 	C:\Windows\System32\SHELL32.dll
0x00007ff87a340000 - 0x00007ff87a3e9000 	C:\Windows\System32\shcore.dll
0x00007ff879650000 - 0x00007ff879dcf000 	C:\Windows\System32\windows.storage.dll
0x00007ff878d40000 - 0x00007ff878d5f000 	C:\Windows\System32\profapi.dll
0x00007ff878d60000 - 0x00007ff878daa000 	C:\Windows\System32\powrprof.dll
0x00007ff878cf0000 - 0x00007ff878d00000 	C:\Windows\System32\UMPDC.dll
0x00007ff87b530000 - 0x00007ff87b582000 	C:\Windows\System32\shlwapi.dll
0x00007ff8790e0000 - 0x00007ff8790f7000 	C:\Windows\System32\cryptsp.dll
0x00007ff8712e0000 - 0x00007ff8712ea000 	C:\Program Files\Java\jdk-11.0.4\bin\dt_socket.dll
0x00007ff8784b0000 - 0x00007ff878517000 	C:\Windows\system32\mswsock.dll
0x00007ff86de30000 - 0x00007ff86de49000 	C:\Program Files\Java\jdk-11.0.4\bin\net.dll
0x00007ff873560000 - 0x00007ff873650000 	C:\Windows\SYSTEM32\WINHTTP.dll
0x00007ff86f450000 - 0x00007ff86f626000 	C:\Windows\SYSTEM32\urlmon.dll
0x00007ff86f1a0000 - 0x00007ff86f446000 	C:\Windows\SYSTEM32\iertutil.dll
0x00007ff878630000 - 0x00007ff87863c000 	C:\Windows\SYSTEM32\CRYPTBASE.DLL
0x00007ff86c050000 - 0x00007ff86c063000 	C:\Program Files\Java\jdk-11.0.4\bin\nio.dll
0x00007ff878210000 - 0x00007ff8782da000 	C:\Windows\SYSTEM32\DNSAPI.dll
0x00007ff87ab70000 - 0x00007ff87ab78000 	C:\Windows\System32\NSI.dll
0x00007ff8781d0000 - 0x00007ff87820a000 	C:\Windows\SYSTEM32\IPHLPAPI.DLL
0x00007ff8721b0000 - 0x00007ff8721ba000 	C:\Windows\System32\rasadhlp.dll
0x00007ff872840000 - 0x00007ff8728b7000 	C:\Windows\System32\fwpuclnt.dll
0x00007ff879620000 - 0x00007ff879646000 	C:\Windows\System32\bcrypt.dll
0x00007ff873ad0000 - 0x00007ff873ad9000 	C:\Program Files\Java\jdk-11.0.4\bin\management.dll
0x00007ff872ca0000 - 0x00007ff872cac000 	C:\Program Files\Java\jdk-11.0.4\bin\management_ext.dll
0x00007ff878030000 - 0x00007ff878063000 	C:\Windows\system32\rsaenh.dll
0x00007ff878c10000 - 0x00007ff878c35000 	C:\Windows\SYSTEM32\USERENV.dll
0x00007ff872a80000 - 0x00007ff872a96000 	C:\Windows\SYSTEM32\dhcpcsvc6.DLL
0x00007ff8728d0000 - 0x00007ff8728ec000 	C:\Windows\SYSTEM32\dhcpcsvc.DLL
0x00007ff85bea0000 - 0x00007ff85beb6000 	C:\Windows\system32\napinsp.dll
0x00007ff85be80000 - 0x00007ff85be9a000 	C:\Windows\system32\pnrpnsp.dll
0x00007ff85bdd0000 - 0x00007ff85bdde000 	C:\Windows\System32\winrnr.dll
0x00007ff872ac0000 - 0x00007ff872adc000 	C:\Windows\system32\NLAapi.dll
0x00007ff874130000 - 0x00007ff874145000 	C:\Windows\system32\wshbth.dll
0x00007ff852670000 - 0x00007ff852697000 	C:\Program Files\Java\jdk-11.0.4\bin\sunec.dll
0x00007ff871290000 - 0x00007ff87129d000 	C:\Program Files\Java\jdk-11.0.4\bin\sunmscapi.dll
0x00007ff879150000 - 0x00007ff879299000 	C:\Windows\System32\CRYPT32.dll
0x00007ff878d00000 - 0x00007ff878d12000 	C:\Windows\System32\MSASN1.dll
0x00007ff878730000 - 0x00007ff878756000 	C:\Windows\SYSTEM32\ncrypt.dll
0x00007ff8786f0000 - 0x00007ff87872b000 	C:\Windows\SYSTEM32\NTASN1.dll

dbghelp: loaded successfully - version: 4.0.5 - missing functions: none
symbol engine: initialized successfully - sym options: 0x614 - pdb path: .;C:\Program Files\Java\jdk-11.0.4\bin;C:\Windows\SYSTEM32;C:\Windows\WinSxS\amd64_microsoft.windows.common-controls_6595b64144ccf1df_6.0.18362.418_none_e6c6b287130d565d;C:\Program Files\Java\jdk-11.0.4\bin\server

VM Arguments:
jvm_args: -agentlib:jdwp=transport=dt_socket,address=127.0.0.1:56288,suspend=y,server=n -XX:TieredStopAtLevel=1 -Xverify:none -Dspring.output.ansi.enabled=always -Dcom.sun.management.jmxremote -Dspring.jmx.enabled=true -Dspring.liveBeansView.mbeanDomain -Dspring.application.admin.enabled=true -javaagent:C:\Users\mai\.IntelliJIdea2019.2\system\captureAgent\debugger-agent.jar -Dfile.encoding=UTF-8 
java_command: edu.mum.cs.auctioneer.TheAuctioneerApplication
java_class_path (initial): C:\Users\mai\OneDrive - Maharishi University of Management\Software Engneering\SE_project\The-Auctioneer\target\classes;C:\Users\mai\.m2\repository\org\springframework\boot\spring-boot-starter-data-jpa\2.1.9.RELEASE\spring-boot-starter-data-jpa-2.1.9.RELEASE.jar;C:\Users\mai\.m2\repository\org\springframework\boot\spring-boot-starter-aop\2.1.9.RELEASE\spring-boot-starter-aop-2.1.9.RELEASE.jar;C:\Users\mai\.m2\repository\org\aspectj\aspectjweaver\1.9.4\aspectjweaver-1.9.4.jar;C:\Users\mai\.m2\repository\org\springframework\boot\spring-boot-starter-jdbc\2.1.9.RELEASE\spring-boot-starter-jdbc-2.1.9.RELEASE.jar;C:\Users\mai\.m2\repository\com\zaxxer\HikariCP\3.2.0\HikariCP-3.2.0.jar;C:\Users\mai\.m2\repository\org\springframework\spring-jdbc\5.1.10.RELEASE\spring-jdbc-5.1.10.RELEASE.jar;C:\Users\mai\.m2\repository\javax\transaction\javax.transaction-api\1.3\javax.transaction-api-1.3.jar;C:\Users\mai\.m2\repository\javax\xml\bind\jaxb-api\2.3.1\jaxb-api-2.3.1.jar;C:\Users\mai\.m2\repository\javax\activation\javax.activation-api\1.2.0\javax.activation-api-1.2.0.jar;C:\Users\mai\.m2\repository\org\hibernate\hibernate-core\5.3.12.Final\hibernate-core-5.3.12.Final.jar;C:\Users\mai\.m2\repository\org\jboss\logging\jboss-logging\3.3.3.Final\jboss-logging-3.3.3.Final.jar;C:\Users\mai\.m2\repository\javax\persistence\javax.persistence-api\2.2\javax.persistence-api-2.2.jar;C:\Users\mai\.m2\repository\org\javassist\javassist\3.23.2-GA\javassist-3.23.2-GA.jar;C:\Users\mai\.m2\repository\net\bytebuddy\byte-buddy\1.9.16\byte-buddy-1.9.16.jar;C:\Users\mai\.m2\repository\antlr\antlr\2.7.7\antlr-2.7.7.jar;C:\Users\mai\.m2\repository\org\jboss\jandex\2.0.5.Final\jandex-2.0.5.Final.jar;C:\Users\mai\.m2\repository\org\dom4j\dom4j\2.1.1\dom4j-2.1.1.jar;C:\Users\mai\.m2\repository\org\hibernate\common\hibernate-commons-annotations\5.0.4.Final\hibernate-commons-annotations-5.0.4.Final.jar;C:\Users\mai\.m2\repository\org\glassfish\jaxb\jaxb-runtime\2.3.1\jaxb-runti
Launcher Type: SUN_STANDARD

[Global flags]
     bool BytecodeVerificationLocal                = false                                     {product} {command line}
     bool BytecodeVerificationRemote               = false                                     {product} {command line}
     intx CICompilerCount                          = 4                                         {product} {ergonomic}
     uint ConcGCThreads                            = 2                                         {product} {ergonomic}
     uint G1ConcRefinementThreads                  = 8                                         {product} {ergonomic}
   size_t G1HeapRegionSize                         = 1048576                                   {product} {ergonomic}
    uintx GCDrainStackTargetSize                   = 64                                        {product} {ergonomic}
   size_t InitialHeapSize                          = 134217728                                 {product} {ergonomic}
     bool ManagementServer                         = true                                      {product} {command line}
   size_t MarkStackSize                            = 4194304                                   {product} {ergonomic}
   size_t MaxHeapSize                              = 2124414976                                {product} {ergonomic}
   size_t MaxNewSize                               = 1274019840                                {product} {ergonomic}
   size_t MinHeapDeltaBytes                        = 1048576                                   {product} {ergonomic}
    uintx NonNMethodCodeHeapSize                   = 7549744                                {pd product} {ergonomic}
    uintx NonProfiledCodeHeapSize                  = 244108496                              {pd product} {ergonomic}
    uintx ProfiledCodeHeapSize                     = 0                                      {pd product} {ergonomic}
    uintx ReservedCodeCacheSize                    = 251658240                              {pd product} {ergonomic}
     bool SegmentedCodeCache                       = true                                      {product} {ergonomic}
     intx TieredStopAtLevel                        = 1                                         {product} {command line}
     bool UseCompressedClassPointers               = true                                 {lp64_product} {ergonomic}
     bool UseCompressedOops                        = true                                 {lp64_product} {ergonomic}
     bool UseG1GC                                  = true                                      {product} {ergonomic}
     bool UseLargePagesIndividualAllocation        = false                                  {pd product} {ergonomic}

Logging:
Log output configuration:
 #0: stdout all=warning uptime,level,tags
 #1: stderr all=off uptime,level,tags

Environment Variables:
JAVA_HOME=C:\Users\mai\OneDrive - Maharishi University of Management\JDKs\jdk-13
PATH=C:\ProgramData\DockerDesktop\version-bin;C:\Program Files\Docker\Docker\Resources\bin;C:\Program Files (x86)\Common Files\Oracle\Java\javapath;C:\Windows\system32;C:\Windows;C:\Windows\System32\Wbem;C:\Windows\System32\WindowsPowerShell\v1.0\;C:\Windows\System32\OpenSSH\;C:\Program Files\PowerShell\6\;C:\Program Files\Git\cmd;C:\Users\mai\OneDrive - Maharishi University of Management\JDKs\jdk-13\bin;C:\Program Files\Apache Software Foundation\apache-maven-3.6.2\bin;C:\Program Files\MySQL\MySQL Shell 8.0\bin\;C:\Users\mai\AppData\Local\Programs\Microsoft VS Code\bin
USERNAME=mai
OS=Windows_NT
PROCESSOR_IDENTIFIER=Intel64 Family 6 Model 142 Stepping 10, GenuineIntel



---------------  S Y S T E M  ---------------

OS: Windows 10 , 64 bit Build 18362 (10.0.18362.329)

CPU:total 8 (initial active 8) (4 cores per cpu, 2 threads per core) family 6 model 142 stepping 10, cmov, cx8, fxsr, mmx, sse, sse2, sse3, ssse3, sse4.1, sse4.2, popcnt, avx, avx2, aes, clmul, erms, 3dnowpref, lzcnt, ht, tsc, tscinvbit, bmi1, bmi2, adx, fma

Memory: 4k page, system-wide physical 8103M (119M free)
TotalPageFile size 18102M (AvailPageFile size 0M)
current process WorkingSet (physical memory assigned to process): 277M, peak: 277M
current process commit charge ("private bytes"): 338M, peak: 339M

vm_info: Java HotSpot(TM) 64-Bit Server VM (11.0.4+10-LTS) for windows-amd64 JRE (11.0.4+10-LTS), built on Jul  4 2019 16:28:13 by "mach5one" with MS VC++ 15.5 (VS2017)

END.
